2024-06-27 18:47:03.687 [info] Extension host with pid 286543 started
2024-06-27 18:47:03.687 [info] Skipping acquiring lock for /home/roman/.config/Code/User/workspaceStorage/a74d32f8a30dc3afb8497b705c3be014.
2024-06-27 18:47:03.768 [info] ExtensionService#_doActivateExtension vscode.emmet, startup: false, activationEvent: 'onLanguage'
2024-06-27 18:47:03.806 [info] ExtensionService#_doActivateExtension vscode.git-base, startup: true, activationEvent: '*', root cause: vscode.git
2024-06-27 18:47:03.813 [info] ExtensionService#_doActivateExtension vscode.git, startup: true, activationEvent: '*'
2024-06-27 18:47:03.829 [info] ExtensionService#_doActivateExtension vscode.github, startup: true, activationEvent: '*'
2024-06-27 18:47:03.867 [info] Eager extensions activated
2024-06-27 18:47:03.886 [info] ExtensionService#_doActivateExtension vscode.debug-auto-launch, startup: false, activationEvent: 'onStartupFinished'
2024-06-27 18:47:03.888 [info] ExtensionService#_doActivateExtension vscode.merge-conflict, startup: false, activationEvent: 'onStartupFinished'
2024-06-27 18:49:12.937 [info] ExtensionService#_doActivateExtension vscode.media-preview, startup: false, activationEvent: 'onCustomEditor:imagePreview.previewEditor'
2024-06-27 18:49:18.510 [info] ExtensionService#_doActivateExtension vscode.json-language-features, startup: false, activationEvent: 'onLanguage:jsonc'
2024-06-27 18:49:18.526 [info] ExtensionService#_doActivateExtension vscode.typescript-language-features, startup: false, activationEvent: 'onLanguage:jsonc'
2024-06-27 18:55:56.726 [info] ExtensionService#_doActivateExtension vscode.css-language-features, startup: false, activationEvent: 'onLanguage:css'
2024-06-27 18:57:03.932 [info] ExtensionService#_doActivateExtension vscode.extension-editing, startup: false, activationEvent: 'onLanguage:json'
2024-06-27 18:57:03.936 [info] ExtensionService#_doActivateExtension vscode.npm, startup: false, activationEvent: 'onLanguage:json'
2024-06-27 19:04:40.384 [info] Extension host terminating: renderer closed the MessagePort
2024-06-27 19:04:40.405 [info] Extension host with pid 286543 exiting with code 0
2024-06-27 19:04:41.309 [info] Extension host with pid 325648 started
2024-06-27 19:04:41.309 [info] Skipping acquiring lock for /home/roman/.config/Code/User/workspaceStorage/6c7a42b259a5dea4646d89dc99573ce2.
2024-06-27 19:04:41.345 [info] ExtensionService#_doActivateExtension vscode.emmet, startup: false, activationEvent: 'onLanguage'
2024-06-27 19:04:41.374 [info] ExtensionService#_doActivateExtension vscode.git-base, startup: true, activationEvent: '*', root cause: vscode.git
2024-06-27 19:04:41.378 [info] ExtensionService#_doActivateExtension vscode.git, startup: true, activationEvent: '*'
2024-06-27 19:04:41.393 [info] ExtensionService#_doActivateExtension vscode.github, startup: true, activationEvent: '*'
2024-06-27 19:04:41.423 [info] Eager extensions activated
2024-06-27 19:04:41.467 [info] ExtensionService#_doActivateExtension vscode.debug-auto-launch, startup: false, activationEvent: 'onStartupFinished'
2024-06-27 19:04:41.468 [info] ExtensionService#_doActivateExtension vscode.merge-conflict, startup: false, activationEvent: 'onStartupFinished'
2024-06-27 19:28:18.544 [info] Extension host terminating: renderer closed the MessagePort
2024-06-27 19:28:18.551 [info] Extension host with pid 325648 exiting with code 0
2024-06-27 19:28:19.556 [info] Extension host with pid 332084 started
2024-06-27 19:28:19.556 [info] Skipping acquiring lock for /home/roman/.config/Code/User/workspaceStorage/a74d32f8a30dc3afb8497b705c3be014.
2024-06-27 19:28:19.630 [info] ExtensionService#_doActivateExtension vscode.emmet, startup: false, activationEvent: 'onLanguage'
2024-06-27 19:28:19.636 [info] ExtensionService#_doActivateExtension vscode.css-language-features, startup: false, activationEvent: 'onLanguage:css'
2024-06-27 19:28:19.825 [info] ExtensionService#_doActivateExtension vscode.git-base, startup: true, activationEvent: '*', root cause: vscode.git
2024-06-27 19:28:19.834 [info] ExtensionService#_doActivateExtension vscode.git, startup: true, activationEvent: '*'
2024-06-27 19:28:19.851 [info] ExtensionService#_doActivateExtension vscode.github, startup: true, activationEvent: '*'
2024-06-27 19:28:19.891 [info] Eager extensions activated
2024-06-27 19:28:19.909 [info] ExtensionService#_doActivateExtension vscode.debug-auto-launch, startup: false, activationEvent: 'onStartupFinished'
2024-06-27 19:28:19.910 [info] ExtensionService#_doActivateExtension vscode.merge-conflict, startup: false, activationEvent: 'onStartupFinished'
