2024-06-27 19:31:04.467 [info] Extension host with pid 334699 started
2024-06-27 19:31:04.467 [info] Skipping acquiring lock for /home/roman/.config/Code/User/workspaceStorage/a74d32f8a30dc3afb8497b705c3be014.
2024-06-27 19:31:04.520 [info] ExtensionService#_doActivateExtension vscode.emmet, startup: false, activationEvent: 'onLanguage'
2024-06-27 19:31:04.586 [info] ExtensionService#_doActivateExtension vscode.git-base, startup: true, activationEvent: '*', root cause: vscode.git
2024-06-27 19:31:04.591 [info] ExtensionService#_doActivateExtension vscode.git, startup: true, activationEvent: '*'
2024-06-27 19:31:04.607 [info] ExtensionService#_doActivateExtension vscode.github, startup: true, activationEvent: '*'
2024-06-27 19:31:04.641 [info] Eager extensions activated
2024-06-27 19:31:04.660 [info] ExtensionService#_doActivateExtension vscode.debug-auto-launch, startup: false, activationEvent: 'onStartupFinished'
2024-06-27 19:31:04.661 [info] ExtensionService#_doActivateExtension vscode.merge-conflict, startup: false, activationEvent: 'onStartupFinished'
2024-06-27 19:31:15.594 [info] ExtensionService#_doActivateExtension vscode.css-language-features, startup: false, activationEvent: 'onLanguage:css'
2024-06-27 19:31:22.234 [info] Extension host terminating: renderer closed the MessagePort
2024-06-27 19:31:22.244 [info] Extension host with pid 334699 exiting with code 0
2024-06-27 19:31:22.788 [info] Extension host with pid 334868 started
2024-06-27 19:31:22.788 [info] Skipping acquiring lock for /home/roman/.config/Code/User/workspaceStorage/6c7a42b259a5dea4646d89dc99573ce2.
2024-06-27 19:31:22.809 [info] ExtensionService#_doActivateExtension vscode.emmet, startup: false, activationEvent: 'onLanguage'
2024-06-27 19:31:22.823 [info] ExtensionService#_doActivateExtension vscode.git-base, startup: true, activationEvent: '*', root cause: vscode.git
2024-06-27 19:31:22.830 [info] ExtensionService#_doActivateExtension vscode.git, startup: true, activationEvent: '*'
2024-06-27 19:31:22.845 [info] ExtensionService#_doActivateExtension vscode.github, startup: true, activationEvent: '*'
2024-06-27 19:31:22.879 [info] Eager extensions activated
2024-06-27 19:31:22.925 [info] ExtensionService#_doActivateExtension vscode.debug-auto-launch, startup: false, activationEvent: 'onStartupFinished'
2024-06-27 19:31:22.927 [info] ExtensionService#_doActivateExtension vscode.merge-conflict, startup: false, activationEvent: 'onStartupFinished'
2024-06-27 19:32:12.557 [info] ExtensionService#_doActivateExtension vscode.css-language-features, startup: false, activationEvent: 'onLanguage:css'
2024-06-27 19:32:55.820 [info] ExtensionService#_doActivateExtension vscode.media-preview, startup: false, activationEvent: 'onCustomEditor:imagePreview.previewEditor'
2024-06-27 19:37:02.748 [info] ExtensionService#_doActivateExtension vscode.json-language-features, startup: false, activationEvent: 'onLanguage:jsonc'
2024-06-27 19:37:02.761 [info] ExtensionService#_doActivateExtension vscode.typescript-language-features, startup: false, activationEvent: 'onLanguage:jsonc'
2024-06-27 19:38:36.523 [info] Extension host terminating: renderer closed the MessagePort
2024-06-27 19:38:36.544 [info] Extension host with pid 334868 exiting with code 0
