2024-06-27 19:31:04.674 [info] Log level: Info
2024-06-27 19:31:04.674 [info] Validating found git in: "git"
2024-06-27 19:31:04.674 [info] Using git "2.45.2" from "git"
2024-06-27 19:31:04.674 [info] > git rev-parse --show-toplevel [3ms]
2024-06-27 19:31:04.674 [info] fatal: not a git repository (or any parent up to mount point /)
Stopping at filesystem boundary (GIT_DISCOVERY_ACROSS_FILESYSTEM not set).
2024-06-27 19:31:04.674 [info] > git rev-parse --show-toplevel [2ms]
2024-06-27 19:31:04.674 [info] fatal: not a git repository (or any parent up to mount point /)
Stopping at filesystem boundary (GIT_DISCOVERY_ACROSS_FILESYSTEM not set).
2024-06-27 19:31:04.674 [info] > git rev-parse --show-toplevel [8ms]
2024-06-27 19:31:04.674 [info] fatal: not a git repository (or any parent up to mount point /)
Stopping at filesystem boundary (GIT_DISCOVERY_ACROSS_FILESYSTEM not set).
2024-06-27 19:31:04.678 [info] > git rev-parse --show-toplevel [1ms]
2024-06-27 19:31:04.678 [info] fatal: not a git repository (or any parent up to mount point /)
Stopping at filesystem boundary (GIT_DISCOVERY_ACROSS_FILESYSTEM not set).
2024-06-27 19:31:04.682 [info] > git rev-parse --show-toplevel [1ms]
2024-06-27 19:31:04.682 [info] fatal: not a git repository (or any parent up to mount point /)
Stopping at filesystem boundary (GIT_DISCOVERY_ACROSS_FILESYSTEM not set).
2024-06-27 19:31:04.685 [info] > git rev-parse --show-toplevel [1ms]
2024-06-27 19:31:04.685 [info] fatal: not a git repository (or any parent up to mount point /)
Stopping at filesystem boundary (GIT_DISCOVERY_ACROSS_FILESYSTEM not set).
2024-06-27 19:31:04.688 [info] > git rev-parse --show-toplevel [1ms]
2024-06-27 19:31:04.688 [info] fatal: not a git repository (or any parent up to mount point /)
Stopping at filesystem boundary (GIT_DISCOVERY_ACROSS_FILESYSTEM not set).
2024-06-27 19:31:04.696 [info] > git rev-parse --show-toplevel [6ms]
2024-06-27 19:31:04.696 [info] fatal: not a git repository (or any parent up to mount point /)
Stopping at filesystem boundary (GIT_DISCOVERY_ACROSS_FILESYSTEM not set).
2024-06-27 19:31:04.700 [info] > git rev-parse --show-toplevel [1ms]
2024-06-27 19:31:04.700 [info] fatal: not a git repository (or any parent up to mount point /)
Stopping at filesystem boundary (GIT_DISCOVERY_ACROSS_FILESYSTEM not set).
2024-06-27 19:31:04.703 [info] > git rev-parse --show-toplevel [1ms]
2024-06-27 19:31:04.703 [info] fatal: not a git repository (or any parent up to mount point /)
Stopping at filesystem boundary (GIT_DISCOVERY_ACROSS_FILESYSTEM not set).
2024-06-27 19:31:04.706 [info] > git rev-parse --show-toplevel [1ms]
2024-06-27 19:31:04.706 [info] fatal: not a git repository (or any parent up to mount point /)
Stopping at filesystem boundary (GIT_DISCOVERY_ACROSS_FILESYSTEM not set).
2024-06-27 19:31:04.709 [info] > git rev-parse --show-toplevel [1ms]
2024-06-27 19:31:04.709 [info] fatal: not a git repository (or any parent up to mount point /)
Stopping at filesystem boundary (GIT_DISCOVERY_ACROSS_FILESYSTEM not set).
2024-06-27 19:31:04.713 [info] > git rev-parse --show-toplevel [1ms]
2024-06-27 19:31:04.713 [info] fatal: not a git repository (or any parent up to mount point /)
Stopping at filesystem boundary (GIT_DISCOVERY_ACROSS_FILESYSTEM not set).
2024-06-27 19:31:04.716 [info] > git rev-parse --show-toplevel [0ms]
2024-06-27 19:31:04.716 [info] fatal: not a git repository (or any parent up to mount point /)
Stopping at filesystem boundary (GIT_DISCOVERY_ACROSS_FILESYSTEM not set).
2024-06-27 19:31:04.719 [info] > git rev-parse --show-toplevel [1ms]
2024-06-27 19:31:04.719 [info] fatal: not a git repository (or any parent up to mount point /)
Stopping at filesystem boundary (GIT_DISCOVERY_ACROSS_FILESYSTEM not set).
2024-06-27 19:31:04.722 [info] > git rev-parse --show-toplevel [0ms]
2024-06-27 19:31:04.722 [info] fatal: not a git repository (or any parent up to mount point /)
Stopping at filesystem boundary (GIT_DISCOVERY_ACROSS_FILESYSTEM not set).
2024-06-27 19:31:04.727 [info] > git rev-parse --show-toplevel [3ms]
2024-06-27 19:31:04.727 [info] fatal: not a git repository (or any parent up to mount point /)
Stopping at filesystem boundary (GIT_DISCOVERY_ACROSS_FILESYSTEM not set).
2024-06-27 19:31:04.730 [info] > git rev-parse --show-toplevel [1ms]
2024-06-27 19:31:04.730 [info] fatal: not a git repository (or any parent up to mount point /)
Stopping at filesystem boundary (GIT_DISCOVERY_ACROSS_FILESYSTEM not set).
2024-06-27 19:31:04.733 [info] > git rev-parse --show-toplevel [1ms]
2024-06-27 19:31:04.733 [info] fatal: not a git repository (or any parent up to mount point /)
Stopping at filesystem boundary (GIT_DISCOVERY_ACROSS_FILESYSTEM not set).
2024-06-27 19:31:04.736 [info] > git rev-parse --show-toplevel [0ms]
2024-06-27 19:31:04.736 [info] fatal: not a git repository (or any parent up to mount point /)
Stopping at filesystem boundary (GIT_DISCOVERY_ACROSS_FILESYSTEM not set).
2024-06-27 19:31:04.740 [info] > git rev-parse --show-toplevel [1ms]
2024-06-27 19:31:04.740 [info] fatal: not a git repository (or any parent up to mount point /)
Stopping at filesystem boundary (GIT_DISCOVERY_ACROSS_FILESYSTEM not set).
2024-06-27 19:31:04.743 [info] > git rev-parse --show-toplevel [1ms]
2024-06-27 19:31:04.743 [info] fatal: not a git repository (or any parent up to mount point /)
Stopping at filesystem boundary (GIT_DISCOVERY_ACROSS_FILESYSTEM not set).
2024-06-27 19:31:04.747 [info] > git rev-parse --show-toplevel [1ms]
2024-06-27 19:31:04.747 [info] fatal: not a git repository (or any parent up to mount point /)
Stopping at filesystem boundary (GIT_DISCOVERY_ACROSS_FILESYSTEM not set).
2024-06-27 19:31:04.750 [info] > git rev-parse --show-toplevel [0ms]
2024-06-27 19:31:04.750 [info] fatal: not a git repository (or any parent up to mount point /)
Stopping at filesystem boundary (GIT_DISCOVERY_ACROSS_FILESYSTEM not set).
2024-06-27 19:31:04.754 [info] > git rev-parse --show-toplevel [1ms]
2024-06-27 19:31:04.754 [info] fatal: not a git repository (or any parent up to mount point /)
Stopping at filesystem boundary (GIT_DISCOVERY_ACROSS_FILESYSTEM not set).
2024-06-27 19:31:04.757 [info] > git rev-parse --show-toplevel [0ms]
2024-06-27 19:31:04.757 [info] fatal: not a git repository (or any parent up to mount point /)
Stopping at filesystem boundary (GIT_DISCOVERY_ACROSS_FILESYSTEM not set).
2024-06-27 19:31:04.761 [info] > git rev-parse --show-toplevel [1ms]
2024-06-27 19:31:04.761 [info] fatal: not a git repository (or any parent up to mount point /)
Stopping at filesystem boundary (GIT_DISCOVERY_ACROSS_FILESYSTEM not set).
2024-06-27 19:31:04.765 [info] > git rev-parse --show-toplevel [1ms]
2024-06-27 19:31:04.765 [info] fatal: not a git repository (or any parent up to mount point /)
Stopping at filesystem boundary (GIT_DISCOVERY_ACROSS_FILESYSTEM not set).
2024-06-27 19:31:04.768 [info] > git rev-parse --show-toplevel [1ms]
2024-06-27 19:31:04.768 [info] fatal: not a git repository (or any parent up to mount point /)
Stopping at filesystem boundary (GIT_DISCOVERY_ACROSS_FILESYSTEM not set).
2024-06-27 19:31:04.771 [info] > git rev-parse --show-toplevel [1ms]
2024-06-27 19:31:04.771 [info] fatal: not a git repository (or any parent up to mount point /)
Stopping at filesystem boundary (GIT_DISCOVERY_ACROSS_FILESYSTEM not set).
2024-06-27 19:31:04.775 [info] > git rev-parse --show-toplevel [1ms]
2024-06-27 19:31:04.775 [info] fatal: not a git repository (or any parent up to mount point /)
Stopping at filesystem boundary (GIT_DISCOVERY_ACROSS_FILESYSTEM not set).
2024-06-27 19:31:04.778 [info] > git rev-parse --show-toplevel [1ms]
2024-06-27 19:31:04.778 [info] fatal: not a git repository (or any parent up to mount point /)
Stopping at filesystem boundary (GIT_DISCOVERY_ACROSS_FILESYSTEM not set).
2024-06-27 19:31:04.804 [info] > git rev-parse --show-toplevel [1ms]
2024-06-27 19:31:04.804 [info] fatal: not a git repository (or any parent up to mount point /)
Stopping at filesystem boundary (GIT_DISCOVERY_ACROSS_FILESYSTEM not set).
2024-06-27 19:31:06.810 [info] > git rev-parse --show-toplevel [1ms]
2024-06-27 19:31:06.810 [info] fatal: not a git repository (or any parent up to mount point /)
Stopping at filesystem boundary (GIT_DISCOVERY_ACROSS_FILESYSTEM not set).
2024-06-27 19:31:15.578 [info] > git rev-parse --show-toplevel [0ms]
2024-06-27 19:31:15.578 [info] fatal: not a git repository (or any parent up to mount point /)
Stopping at filesystem boundary (GIT_DISCOVERY_ACROSS_FILESYSTEM not set).
2024-06-27 19:31:22.898 [info] Log level: Info
2024-06-27 19:31:22.898 [info] Validating found git in: "git"
2024-06-27 19:31:22.898 [info] Using git "2.45.2" from "git"
2024-06-27 19:31:22.898 [info] > git rev-parse --show-toplevel [4ms]
2024-06-27 19:31:22.898 [info] fatal: not a git repository (or any parent up to mount point /)
Stopping at filesystem boundary (GIT_DISCOVERY_ACROSS_FILESYSTEM not set).
2024-06-27 19:31:22.899 [info] > git rev-parse --show-toplevel [2ms]
2024-06-27 19:31:22.899 [info] fatal: not a git repository (or any parent up to mount point /)
Stopping at filesystem boundary (GIT_DISCOVERY_ACROSS_FILESYSTEM not set).
2024-06-27 19:31:22.904 [info] > git rev-parse --show-toplevel [1ms]
2024-06-27 19:31:22.904 [info] fatal: not a git repository (or any parent up to mount point /)
Stopping at filesystem boundary (GIT_DISCOVERY_ACROSS_FILESYSTEM not set).
2024-06-27 19:31:22.908 [info] > git rev-parse --show-toplevel [1ms]
2024-06-27 19:31:22.908 [info] fatal: not a git repository (or any parent up to mount point /)
Stopping at filesystem boundary (GIT_DISCOVERY_ACROSS_FILESYSTEM not set).
2024-06-27 19:31:22.912 [info] > git rev-parse --show-toplevel [1ms]
2024-06-27 19:31:22.912 [info] fatal: not a git repository (or any parent up to mount point /)
Stopping at filesystem boundary (GIT_DISCOVERY_ACROSS_FILESYSTEM not set).
2024-06-27 19:31:22.915 [info] > git rev-parse --show-toplevel [1ms]
2024-06-27 19:31:22.915 [info] fatal: not a git repository (or any parent up to mount point /)
Stopping at filesystem boundary (GIT_DISCOVERY_ACROSS_FILESYSTEM not set).
2024-06-27 19:31:22.922 [info] > git rev-parse --show-toplevel [5ms]
2024-06-27 19:31:22.922 [info] fatal: not a git repository (or any parent up to mount point /)
Stopping at filesystem boundary (GIT_DISCOVERY_ACROSS_FILESYSTEM not set).
2024-06-27 19:31:22.933 [info] > git rev-parse --show-toplevel [8ms]
2024-06-27 19:31:22.933 [info] fatal: not a git repository (or any parent up to mount point /)
Stopping at filesystem boundary (GIT_DISCOVERY_ACROSS_FILESYSTEM not set).
2024-06-27 19:31:22.940 [info] > git rev-parse --show-toplevel [1ms]
2024-06-27 19:31:22.940 [info] fatal: not a git repository (or any parent up to mount point /)
Stopping at filesystem boundary (GIT_DISCOVERY_ACROSS_FILESYSTEM not set).
2024-06-27 19:31:22.953 [info] > git rev-parse --show-toplevel [10ms]
2024-06-27 19:31:22.953 [info] fatal: not a git repository (or any parent up to mount point /)
Stopping at filesystem boundary (GIT_DISCOVERY_ACROSS_FILESYSTEM not set).
2024-06-27 19:31:22.959 [info] > git rev-parse --show-toplevel [1ms]
2024-06-27 19:31:22.959 [info] fatal: not a git repository (or any parent up to mount point /)
Stopping at filesystem boundary (GIT_DISCOVERY_ACROSS_FILESYSTEM not set).
2024-06-27 19:31:22.963 [info] > git rev-parse --show-toplevel [1ms]
2024-06-27 19:31:22.963 [info] fatal: not a git repository (or any parent up to mount point /)
Stopping at filesystem boundary (GIT_DISCOVERY_ACROSS_FILESYSTEM not set).
2024-06-27 19:31:25.054 [info] > git rev-parse --show-toplevel [1ms]
2024-06-27 19:31:25.054 [info] fatal: not a git repository (or any parent up to mount point /)
Stopping at filesystem boundary (GIT_DISCOVERY_ACROSS_FILESYSTEM not set).
2024-06-27 19:32:12.484 [info] > git rev-parse --show-toplevel [1ms]
2024-06-27 19:32:12.484 [info] fatal: not a git repository (or any parent up to mount point /)
Stopping at filesystem boundary (GIT_DISCOVERY_ACROSS_FILESYSTEM not set).
2024-06-27 19:32:47.937 [info] > git rev-parse --show-toplevel [1ms]
2024-06-27 19:32:47.937 [info] fatal: not a git repository (or any parent up to mount point /)
Stopping at filesystem boundary (GIT_DISCOVERY_ACROSS_FILESYSTEM not set).
2024-06-27 19:32:57.104 [info] > git rev-parse --show-toplevel [1ms]
2024-06-27 19:32:57.104 [info] fatal: not a git repository (or any parent up to mount point /)
Stopping at filesystem boundary (GIT_DISCOVERY_ACROSS_FILESYSTEM not set).
2024-06-27 19:35:12.691 [info] > git rev-parse --show-toplevel [1ms]
2024-06-27 19:35:12.691 [info] fatal: not a git repository (or any parent up to mount point /)
Stopping at filesystem boundary (GIT_DISCOVERY_ACROSS_FILESYSTEM not set).
2024-06-27 19:35:22.909 [info] > git rev-parse --show-toplevel [1ms]
2024-06-27 19:35:22.909 [info] fatal: not a git repository (or any parent up to mount point /)
Stopping at filesystem boundary (GIT_DISCOVERY_ACROSS_FILESYSTEM not set).
2024-06-27 19:35:31.190 [info] > git rev-parse --show-toplevel [1ms]
2024-06-27 19:35:31.190 [info] fatal: not a git repository (or any parent up to mount point /)
Stopping at filesystem boundary (GIT_DISCOVERY_ACROSS_FILESYSTEM not set).
2024-06-27 19:35:33.543 [info] > git rev-parse --show-toplevel [0ms]
2024-06-27 19:35:33.543 [info] fatal: not a git repository (or any parent up to mount point /)
Stopping at filesystem boundary (GIT_DISCOVERY_ACROSS_FILESYSTEM not set).
2024-06-27 19:35:38.275 [info] > git rev-parse --show-toplevel [1ms]
2024-06-27 19:35:38.275 [info] fatal: not a git repository (or any parent up to mount point /)
Stopping at filesystem boundary (GIT_DISCOVERY_ACROSS_FILESYSTEM not set).
2024-06-27 19:35:39.959 [info] > git rev-parse --show-toplevel [1ms]
2024-06-27 19:35:39.959 [info] fatal: not a git repository (or any parent up to mount point /)
Stopping at filesystem boundary (GIT_DISCOVERY_ACROSS_FILESYSTEM not set).
2024-06-27 19:36:22.829 [info] > git rev-parse --show-toplevel [0ms]
2024-06-27 19:36:22.829 [info] fatal: not a git repository (or any parent up to mount point /)
Stopping at filesystem boundary (GIT_DISCOVERY_ACROSS_FILESYSTEM not set).
2024-06-27 19:36:41.950 [info] > git rev-parse --show-toplevel [1ms]
2024-06-27 19:36:41.950 [info] fatal: not a git repository (or any parent up to mount point /)
Stopping at filesystem boundary (GIT_DISCOVERY_ACROSS_FILESYSTEM not set).
2024-06-27 19:36:44.621 [info] > git rev-parse --show-toplevel [1ms]
2024-06-27 19:36:44.621 [info] fatal: not a git repository (or any parent up to mount point /)
Stopping at filesystem boundary (GIT_DISCOVERY_ACROSS_FILESYSTEM not set).
2024-06-27 19:37:02.729 [info] > git rev-parse --show-toplevel [1ms]
2024-06-27 19:37:02.729 [info] fatal: not a git repository (or any parent up to mount point /)
Stopping at filesystem boundary (GIT_DISCOVERY_ACROSS_FILESYSTEM not set).
2024-06-27 19:38:02.112 [info] > git rev-parse --show-toplevel [2ms]
2024-06-27 19:38:02.112 [info] fatal: not a git repository (or any parent up to mount point /)
Stopping at filesystem boundary (GIT_DISCOVERY_ACROSS_FILESYSTEM not set).
2024-06-27 19:38:22.755 [info] > git rev-parse --show-toplevel [1ms]
2024-06-27 19:38:22.755 [info] fatal: not a git repository (or any parent up to mount point /)
Stopping at filesystem boundary (GIT_DISCOVERY_ACROSS_FILESYSTEM not set).
